# JRE version: Java(TM) SE Runtime Environment (12.0.2+10) (build 12.0.2+10)
# Java VM: Java HotSpot(TM) 64-Bit Server VM (12.0.2+10, mixed mode, sharing, tiered, compressed oops, g1 gc, windows-amd64)
Heap:
 garbage-first heap   total 624640K, used 371296K [0x00000000c1c00000, 0x0000000100000000)
  region size 1024K, 78 young (79872K), 2 survivors (2048K)
 Metaspace       used 21724K, capacity 22203K, committed 22400K, reserved 1069056K
  class space    used 2408K, capacity 2581K, committed 2688K, reserved 1048576K
GC Heap History (10 events):
Event: 236.590 GC heap before
{Heap before GC invocations=58 (full 0):
 garbage-first heap   total 385024K, used 341196K [0x00000000c1c00000, 0x0000000100000000)
  region size 1024K, 204 young (208896K), 2 survivors (2048K)
 Metaspace       used 21724K, capacity 22203K, committed 22400K, reserved 1069056K
  class space    used 2408K, capacity 2581K, committed 2688K, reserved 1048576K
}
Event: 236.595 GC heap after
{Heap after GC invocations=59 (full 0):
 garbage-first heap   total 385024K, used 136420K [0x00000000c1c00000, 0x0000000100000000)
  region size 1024K, 1 young (1024K), 1 survivors (1024K)
 Metaspace       used 21724K, capacity 22203K, committed 22400K, reserved 1069056K
  class space    used 2408K, capacity 2581K, committed 2688K, reserved 1048576K
}
Event: 237.436 GC heap before
{Heap before GC invocations=59 (full 0):
 garbage-first heap   total 385024K, used 342244K [0x00000000c1c00000, 0x0000000100000000)
  region size 1024K, 203 young (207872K), 1 survivors (1024K)
 Metaspace       used 21724K, capacity 22203K, committed 22400K, reserved 1069056K
  class space    used 2408K, capacity 2581K, committed 2688K, reserved 1048576K
}
Event: 237.440 GC heap after
{Heap after GC invocations=60 (full 0):
 garbage-first heap   total 385024K, used 136482K [0x00000000c1c00000, 0x0000000100000000)
  region size 1024K, 1 young (1024K), 1 survivors (1024K)
 Metaspace       used 21724K, capacity 22203K, committed 22400K, reserved 1069056K
  class space    used 2408K, capacity 2581K, committed 2688K, reserved 1048576K
}
Event: 238.331 GC heap before
{Heap before GC invocations=60 (full 0):
 garbage-first heap   total 385024K, used 341282K [0x00000000c1c00000, 0x0000000100000000)
  region size 1024K, 202 young (206848K), 1 survivors (1024K)
 Metaspace       used 21724K, capacity 22203K, committed 22400K, reserved 1069056K
  class space    used 2408K, capacity 2581K, committed 2688K, reserved 1048576K
}
Event: 238.336 GC heap after
{Heap after GC invocations=61 (full 0):
 garbage-first heap   total 385024K, used 136614K [0x00000000c1c00000, 0x0000000100000000)
  region size 1024K, 2 young (2048K), 2 survivors (2048K)
 Metaspace       used 21724K, capacity 22203K, committed 22400K, reserved 1069056K
  class space    used 2408K, capacity 2581K, committed 2688K, reserved 1048576K
}
Event: 239.239 GC heap before
{Heap before GC invocations=61 (full 0):
 garbage-first heap   total 385024K, used 340390K [0x00000000c1c00000, 0x0000000100000000)
  region size 1024K, 202 young (206848K), 2 survivors (2048K)
 Metaspace       used 21724K, capacity 22203K, committed 22400K, reserved 1069056K
  class space    used 2408K, capacity 2581K, committed 2688K, reserved 1048576K
}
Event: 239.243 GC heap after
{Heap after GC invocations=62 (full 0):
 garbage-first heap   total 385024K, used 136731K [0x00000000c1c00000, 0x0000000100000000)
  region size 1024K, 2 young (2048K), 2 survivors (2048K)
 Metaspace       used 21724K, capacity 22203K, committed 22400K, reserved 1069056K
  class space    used 2408K, capacity 2581K, committed 2688K, reserved 1048576K
}
Event: 240.200 GC heap before
{Heap before GC invocations=62 (full 0):
 garbage-first heap   total 385024K, used 376347K [0x00000000c1c00000, 0x0000000100000000)
  region size 1024K, 202 young (206848K), 2 survivors (2048K)
 Metaspace       used 21724K, capacity 22203K, committed 22400K, reserved 1069056K
  class space    used 2408K, capacity 2581K, committed 2688K, reserved 1048576K
}
Event: 240.205 GC heap after
{Heap after GC invocations=63 (full 0):
 garbage-first heap   total 385024K, used 136800K [0x00000000c1c00000, 0x0000000100000000)
  region size 1024K, 2 young (2048K), 2 survivors (2048K)
 Metaspace       used 21724K, capacity 22203K, committed 22400K, reserved 1069056K
  class space    used 2408K, capacity 2581K, committed 2688K, reserved 1048576K
}

