# JRE version: Java(TM) SE Runtime Environment (12.0.2+10) (build 12.0.2+10)
# Java VM: Java HotSpot(TM) 64-Bit Server VM (12.0.2+10, mixed mode, sharing, tiered, compressed oops, g1 gc, windows-amd64)
Heap:
 garbage-first heap   total 381952K, used 104228K [0x00000000c1c00000, 0x0000000100000000)
  region size 1024K, 1 young (1024K), 1 survivors (1024K)
 Metaspace       used 14802K, capacity 15128K, committed 15360K, reserved 1062912K
  class space    used 1820K, capacity 1977K, committed 2048K, reserved 1048576K
GC Heap History (10 events):
Event: 8.185 GC heap after
{Heap after GC invocations=10 (full 0):
 garbage-first heap   total 78848K, used 64512K [0x00000000c1c00000, 0x0000000100000000)
  region size 1024K, 1 young (1024K), 1 survivors (1024K)
 Metaspace       used 14776K, capacity 15128K, committed 15360K, reserved 1062912K
  class space    used 1819K, capacity 1977K, committed 2048K, reserved 1048576K
}
Event: 8.209 GC heap before
{Heap before GC invocations=10 (full 0):
 garbage-first heap   total 106496K, used 64512K [0x00000000c1c00000, 0x0000000100000000)
  region size 1024K, 3 young (3072K), 1 survivors (1024K)
 Metaspace       used 14776K, capacity 15128K, committed 15360K, reserved 1062912K
  class space    used 1819K, capacity 1977K, committed 2048K, reserved 1048576K
}
Event: 8.223 GC heap after
{Heap after GC invocations=11 (full 0):
 garbage-first heap   total 128000K, used 64746K [0x00000000c1c00000, 0x0000000100000000)
  region size 1024K, 1 young (1024K), 1 survivors (1024K)
 Metaspace       used 14776K, capacity 15128K, committed 15360K, reserved 1062912K
  class space    used 1819K, capacity 1977K, committed 2048K, reserved 1048576K
}
Event: 8.401 GC heap before
{Heap before GC invocations=12 (full 0):
 garbage-first heap   total 128000K, used 81130K [0x00000000c1c00000, 0x0000000100000000)
  region size 1024K, 17 young (17408K), 1 survivors (1024K)
 Metaspace       used 14785K, capacity 15128K, committed 15360K, reserved 1062912K
  class space    used 1820K, capacity 1977K, committed 2048K, reserved 1048576K
}
Event: 8.448 GC heap after
{Heap after GC invocations=13 (full 0):
 garbage-first heap   total 128000K, used 81099K [0x00000000c1c00000, 0x0000000100000000)
  region size 1024K, 3 young (3072K), 3 survivors (3072K)
 Metaspace       used 14785K, capacity 15128K, committed 15360K, reserved 1062912K
  class space    used 1820K, capacity 1977K, committed 2048K, reserved 1048576K
}
Event: 8.496 GC heap before
{Heap before GC invocations=13 (full 0):
 garbage-first heap   total 128000K, used 91339K [0x00000000c1c00000, 0x0000000100000000)
  region size 1024K, 13 young (13312K), 3 survivors (3072K)
 Metaspace       used 14788K, capacity 15128K, committed 15360K, reserved 1062912K
  class space    used 1820K, capacity 1977K, committed 2048K, reserved 1048576K
}
Event: 8.534 GC heap after
{Heap after GC invocations=14 (full 0):
 garbage-first heap   total 128000K, used 92160K [0x00000000c1c00000, 0x0000000100000000)
  region size 1024K, 2 young (2048K), 2 survivors (2048K)
 Metaspace       used 14788K, capacity 15128K, committed 15360K, reserved 1062912K
  class space    used 1820K, capacity 1977K, committed 2048K, reserved 1048576K
}
Event: 8.566 GC heap before
{Heap before GC invocations=14 (full 0):
 garbage-first heap   total 128000K, used 98304K [0x00000000c1c00000, 0x0000000100000000)
  region size 1024K, 8 young (8192K), 2 survivors (2048K)
 Metaspace       used 14792K, capacity 15128K, committed 15360K, reserved 1062912K
  class space    used 1820K, capacity 1977K, committed 2048K, reserved 1048576K
}
Event: 8.592 GC heap after
{Heap after GC invocations=15 (full 0):
 garbage-first heap   total 128000K, used 98304K [0x00000000c1c00000, 0x0000000100000000)
  region size 1024K, 1 young (1024K), 1 survivors (1024K)
 Metaspace       used 14792K, capacity 15128K, committed 15360K, reserved 1062912K
  class space    used 1820K, capacity 1977K, committed 2048K, reserved 1048576K
}
Event: 8.620 GC heap before
{Heap before GC invocations=15 (full 0):
 garbage-first heap   total 128000K, used 103424K [0x00000000c1c00000, 0x0000000100000000)
  region size 1024K, 6 young (6144K), 1 survivors (1024K)
 Metaspace       used 14802K, capacity 15128K, committed 15360K, reserved 1062912K
  class space    used 1820K, capacity 1977K, committed 2048K, reserved 1048576K
}

