# JRE version: Java(TM) SE Runtime Environment (12.0.2+10) (build 12.0.2+10)
# Java VM: Java HotSpot(TM) 64-Bit Server VM (12.0.2+10, mixed mode, sharing, tiered, compressed oops, g1 gc, windows-amd64)
Heap:
 garbage-first heap   total 362496K, used 213960K [0x00000000c1c00000, 0x0000000100000000)
  region size 1024K, 88 young (90112K), 2 survivors (2048K)
 Metaspace       used 21653K, capacity 22139K, committed 22400K, reserved 1069056K
  class space    used 2405K, capacity 2581K, committed 2688K, reserved 1048576K
GC Heap History (10 events):
Event: 39.083 GC heap before
{Heap before GC invocations=22 (full 0):
 garbage-first heap   total 244736K, used 153431K [0x00000000c1c00000, 0x0000000100000000)
  region size 1024K, 29 young (29696K), 4 survivors (4096K)
 Metaspace       used 19837K, capacity 20253K, committed 20352K, reserved 1067008K
  class space    used 2247K, capacity 2421K, committed 2432K, reserved 1048576K
}
Event: 39.099 GC heap after
{Heap after GC invocations=23 (full 0):
 garbage-first heap   total 276480K, used 130714K [0x00000000c1c00000, 0x0000000100000000)
  region size 1024K, 3 young (3072K), 3 survivors (3072K)
 Metaspace       used 19837K, capacity 20253K, committed 20352K, reserved 1067008K
  class space    used 2247K, capacity 2421K, committed 2432K, reserved 1048576K
}
Event: 49.244 GC heap before
{Heap before GC invocations=23 (full 0):
 garbage-first heap   total 276480K, used 175770K [0x00000000c1c00000, 0x0000000100000000)
  region size 1024K, 47 young (48128K), 3 survivors (3072K)
 Metaspace       used 21169K, capacity 21669K, committed 21888K, reserved 1069056K
  class space    used 2388K, capacity 2574K, committed 2688K, reserved 1048576K
}
Event: 49.258 GC heap after
{Heap after GC invocations=24 (full 0):
 garbage-first heap   total 276480K, used 132465K [0x00000000c1c00000, 0x0000000100000000)
  region size 1024K, 5 young (5120K), 5 survivors (5120K)
 Metaspace       used 21169K, capacity 21669K, committed 21888K, reserved 1069056K
  class space    used 2388K, capacity 2574K, committed 2688K, reserved 1048576K
}
Event: 53.039 GC heap before
{Heap before GC invocations=25 (full 0):
 garbage-first heap   total 276480K, used 187761K [0x00000000c1c00000, 0x0000000100000000)
  region size 1024K, 61 young (62464K), 5 survivors (5120K)
 Metaspace       used 21557K, capacity 22072K, committed 22400K, reserved 1069056K
  class space    used 2405K, capacity 2581K, committed 2688K, reserved 1048576K
}
Event: 53.047 GC heap after
{Heap after GC invocations=26 (full 0):
 garbage-first heap   total 276480K, used 129647K [0x00000000c1c00000, 0x0000000100000000)
  region size 1024K, 3 young (3072K), 3 survivors (3072K)
 Metaspace       used 21557K, capacity 22072K, committed 22400K, reserved 1069056K
  class space    used 2405K, capacity 2581K, committed 2688K, reserved 1048576K
}
Event: 53.203 GC heap before
{Heap before GC invocations=26 (full 0):
 garbage-first heap   total 276480K, used 138863K [0x00000000c1c00000, 0x0000000100000000)
  region size 1024K, 13 young (13312K), 3 survivors (3072K)
 Metaspace       used 21613K, capacity 22074K, committed 22400K, reserved 1069056K
  class space    used 2405K, capacity 2581K, committed 2688K, reserved 1048576K
}
Event: 53.208 GC heap after
{Heap after GC invocations=27 (full 0):
 garbage-first heap   total 276480K, used 127799K [0x00000000c1c00000, 0x0000000100000000)
  region size 1024K, 1 young (1024K), 1 survivors (1024K)
 Metaspace       used 21613K, capacity 22074K, committed 22400K, reserved 1069056K
  class space    used 2405K, capacity 2581K, committed 2688K, reserved 1048576K
}
Event: 54.137 GC heap before
{Heap before GC invocations=27 (full 0):
 garbage-first heap   total 276480K, used 225079K [0x00000000c1c00000, 0x0000000100000000)
  region size 1024K, 96 young (98304K), 1 survivors (1024K)
 Metaspace       used 21650K, capacity 22139K, committed 22400K, reserved 1069056K
  class space    used 2405K, capacity 2581K, committed 2688K, reserved 1048576K
}
Event: 54.143 GC heap after
{Heap after GC invocations=28 (full 0):
 garbage-first heap   total 276480K, used 127944K [0x00000000c1c00000, 0x0000000100000000)
  region size 1024K, 2 young (2048K), 2 survivors (2048K)
 Metaspace       used 21650K, capacity 22139K, committed 22400K, reserved 1069056K
  class space    used 2405K, capacity 2581K, committed 2688K, reserved 1048576K
}

