# JRE version: Java(TM) SE Runtime Environment (12.0.2+10) (build 12.0.2+10)
# Java VM: Java HotSpot(TM) 64-Bit Server VM (12.0.2+10, mixed mode, sharing, tiered, compressed oops, g1 gc, windows-amd64)
Heap:
 garbage-first heap   total 782336K, used 292352K [0x00000000c1c00000, 0x0000000100000000)
  region size 1024K, 5 young (5120K), 5 survivors (5120K)
 Metaspace       used 15066K, capacity 15473K, committed 15616K, reserved 1062912K
  class space    used 1851K, capacity 2045K, committed 2048K, reserved 1048576K
GC Heap History (10 events):
Event: 45.241 GC heap after
{Heap after GC invocations=20 (full 0):
 garbage-first heap   total 359424K, used 150528K [0x00000000c1c00000, 0x0000000100000000)
  region size 1024K, 4 young (4096K), 4 survivors (4096K)
 Metaspace       used 15059K, capacity 15472K, committed 15616K, reserved 1062912K
  class space    used 1851K, capacity 2045K, committed 2048K, reserved 1048576K
}
Event: 45.520 GC heap before
{Heap before GC invocations=20 (full 0):
 garbage-first heap   total 359424K, used 172032K [0x00000000c1c00000, 0x0000000100000000)
  region size 1024K, 25 young (25600K), 4 survivors (4096K)
 Metaspace       used 15064K, capacity 15472K, committed 15616K, reserved 1062912K
  class space    used 1851K, capacity 2045K, committed 2048K, reserved 1048576K
}
Event: 45.627 GC heap after
{Heap after GC invocations=21 (full 0):
 garbage-first heap   total 623616K, used 173056K [0x00000000c1c00000, 0x0000000100000000)
  region size 1024K, 4 young (4096K), 4 survivors (4096K)
 Metaspace       used 15064K, capacity 15472K, committed 15616K, reserved 1062912K
  class space    used 1851K, capacity 2045K, committed 2048K, reserved 1048576K
}
Event: 46.119 GC heap before
{Heap before GC invocations=21 (full 0):
 garbage-first heap   total 623616K, used 199680K [0x00000000c1c00000, 0x0000000100000000)
  region size 1024K, 30 young (30720K), 4 survivors (4096K)
 Metaspace       used 15066K, capacity 15473K, committed 15616K, reserved 1062912K
  class space    used 1851K, capacity 2045K, committed 2048K, reserved 1048576K
}
Event: 46.237 GC heap after
{Heap after GC invocations=22 (full 0):
 garbage-first heap   total 623616K, used 199680K [0x00000000c1c00000, 0x0000000100000000)
  region size 1024K, 4 young (4096K), 4 survivors (4096K)
 Metaspace       used 15066K, capacity 15473K, committed 15616K, reserved 1062912K
  class space    used 1851K, capacity 2045K, committed 2048K, reserved 1048576K
}
Event: 46.629 GC heap before
{Heap before GC invocations=22 (full 0):
 garbage-first heap   total 623616K, used 227328K [0x00000000c1c00000, 0x0000000100000000)
  region size 1024K, 31 young (31744K), 4 survivors (4096K)
 Metaspace       used 15066K, capacity 15473K, committed 15616K, reserved 1062912K
  class space    used 1851K, capacity 2045K, committed 2048K, reserved 1048576K
}
Event: 46.727 GC heap after
{Heap after GC invocations=23 (full 0):
 garbage-first heap   total 623616K, used 226304K [0x00000000c1c00000, 0x0000000100000000)
  region size 1024K, 4 young (4096K), 4 survivors (4096K)
 Metaspace       used 15066K, capacity 15473K, committed 15616K, reserved 1062912K
  class space    used 1851K, capacity 2045K, committed 2048K, reserved 1048576K
}
Event: 47.099 GC heap before
{Heap before GC invocations=23 (full 0):
 garbage-first heap   total 623616K, used 260096K [0x00000000c1c00000, 0x0000000100000000)
  region size 1024K, 37 young (37888K), 4 survivors (4096K)
 Metaspace       used 15066K, capacity 15473K, committed 15616K, reserved 1062912K
  class space    used 1851K, capacity 2045K, committed 2048K, reserved 1048576K
}
Event: 47.293 GC heap after
{Heap after GC invocations=24 (full 0):
 garbage-first heap   total 623616K, used 261120K [0x00000000c1c00000, 0x0000000100000000)
  region size 1024K, 5 young (5120K), 5 survivors (5120K)
 Metaspace       used 15066K, capacity 15473K, committed 15616K, reserved 1062912K
  class space    used 1851K, capacity 2045K, committed 2048K, reserved 1048576K
}
Event: 47.565 GC heap before
{Heap before GC invocations=24 (full 0):
 garbage-first heap   total 623616K, used 291840K [0x00000000c1c00000, 0x0000000100000000)
  region size 1024K, 35 young (35840K), 5 survivors (5120K)
 Metaspace       used 15066K, capacity 15473K, committed 15616K, reserved 1062912K
  class space    used 1851K, capacity 2045K, committed 2048K, reserved 1048576K
}

