# JRE version: Java(TM) SE Runtime Environment (12.0.2+10) (build 12.0.2+10)
# Java VM: Java HotSpot(TM) 64-Bit Server VM (12.0.2+10, mixed mode, sharing, tiered, compressed oops, g1 gc, windows-amd64)
Heap:
 garbage-first heap   total 898048K, used 537087K [0x00000000c1c00000, 0x0000000100000000)
  region size 1024K, 5 young (5120K), 4 survivors (4096K)
 Metaspace       used 22637K, capacity 23153K, committed 23424K, reserved 1071104K
  class space    used 2424K, capacity 2617K, committed 2688K, reserved 1048576K
GC Heap History (10 events):
Event: 305.180 GC heap before
{Heap before GC invocations=110 (full 0):
 garbage-first heap   total 493568K, used 444415K [0x00000000c1c00000, 0x0000000100000000)
  region size 1024K, 24 young (24576K), 3 survivors (3072K)
 Metaspace       used 22637K, capacity 23153K, committed 23424K, reserved 1071104K
  class space    used 2424K, capacity 2617K, committed 2688K, reserved 1048576K
}
Event: 305.246 GC heap after
{Heap after GC invocations=111 (full 0):
 garbage-first heap   total 493568K, used 444927K [0x00000000c1c00000, 0x0000000100000000)
  region size 1024K, 3 young (3072K), 3 survivors (3072K)
 Metaspace       used 22637K, capacity 23153K, committed 23424K, reserved 1071104K
  class space    used 2424K, capacity 2617K, committed 2688K, reserved 1048576K
}
Event: 305.461 GC heap before
{Heap before GC invocations=111 (full 0):
 garbage-first heap   total 493568K, used 466431K [0x00000000c1c00000, 0x0000000100000000)
  region size 1024K, 24 young (24576K), 3 survivors (3072K)
 Metaspace       used 22637K, capacity 23153K, committed 23424K, reserved 1071104K
  class space    used 2424K, capacity 2617K, committed 2688K, reserved 1048576K
}
Event: 305.544 GC heap after
{Heap after GC invocations=112 (full 0):
 garbage-first heap   total 493568K, used 467455K [0x00000000c1c00000, 0x0000000100000000)
  region size 1024K, 3 young (3072K), 3 survivors (3072K)
 Metaspace       used 22637K, capacity 23153K, committed 23424K, reserved 1071104K
  class space    used 2424K, capacity 2617K, committed 2688K, reserved 1048576K
}
Event: 305.811 GC heap before
{Heap before GC invocations=112 (full 0):
 garbage-first heap   total 493568K, used 488959K [0x00000000c1c00000, 0x0000000100000000)
  region size 1024K, 24 young (24576K), 3 survivors (3072K)
 Metaspace       used 22637K, capacity 23153K, committed 23424K, reserved 1071104K
  class space    used 2424K, capacity 2617K, committed 2688K, reserved 1048576K
}
Event: 305.888 GC heap after
{Heap after GC invocations=113 (full 0):
 garbage-first heap   total 515072K, used 489983K [0x00000000c1c00000, 0x0000000100000000)
  region size 1024K, 3 young (3072K), 3 survivors (3072K)
 Metaspace       used 22637K, capacity 23153K, committed 23424K, reserved 1071104K
  class space    used 2424K, capacity 2617K, committed 2688K, reserved 1048576K
}
Event: 306.089 GC heap before
{Heap before GC invocations=113 (full 0):
 garbage-first heap   total 515072K, used 512511K [0x00000000c1c00000, 0x0000000100000000)
  region size 1024K, 25 young (25600K), 3 survivors (3072K)
 Metaspace       used 22637K, capacity 23153K, committed 23424K, reserved 1071104K
  class space    used 2424K, capacity 2617K, committed 2688K, reserved 1048576K
}
Event: 306.164 GC heap after
{Heap after GC invocations=114 (full 0):
 garbage-first heap   total 539648K, used 513535K [0x00000000c1c00000, 0x0000000100000000)
  region size 1024K, 4 young (4096K), 4 survivors (4096K)
 Metaspace       used 22637K, capacity 23153K, committed 23424K, reserved 1071104K
  class space    used 2424K, capacity 2617K, committed 2688K, reserved 1048576K
}
Event: 306.397 GC heap before
{Heap before GC invocations=114 (full 0):
 garbage-first heap   total 539648K, used 536063K [0x00000000c1c00000, 0x0000000100000000)
  region size 1024K, 26 young (26624K), 4 survivors (4096K)
 Metaspace       used 22637K, capacity 23153K, committed 23424K, reserved 1071104K
  class space    used 2424K, capacity 2617K, committed 2688K, reserved 1048576K
}
Event: 306.473 GC heap after
{Heap after GC invocations=115 (full 0):
 garbage-first heap   total 564224K, used 537087K [0x00000000c1c00000, 0x0000000100000000)
  region size 1024K, 4 young (4096K), 4 survivors (4096K)
 Metaspace       used 22637K, capacity 23153K, committed 23424K, reserved 1071104K
  class space    used 2424K, capacity 2617K, committed 2688K, reserved 1048576K
}

